Build started 29.03.2018 12:55:44.
     1>Project "C:\Users\flori\OneDrive\TUG\Bakkarbeit\SurfaceTest\LSLAPP_newSDK\LSLAPP\ImpedanceCheck_test\ImpedanceCheck_test\ImpedanceCheck_test.vcxproj" on node 2 (Build target(s)).
     1>ClCompile:
         C:\Program Files (x86)\Microsoft Visual Studio 12.0\VC\bin\CL.exe /c /IC:\local\boost_1_66_0 /IC:\Users\flori\Documents\labstreaminglayer\build\install\lsl_Release\LSL\include /I.\GeneratedFiles /I. /IC:\Qt\Qt5.8.0\5.8\msvc2013\include /I.\GeneratedFiles\Release /IC:\Qt\Qt5.8.0\5.8\msvc2013\include\QtCore /IC:\Qt\Qt5.8.0\5.8\msvc2013\include\QtGui /IC:\Qt\Qt5.8.0\5.8\msvc2013\include\QtWidgets /nologo /W1 /WX- /O2 /Oy- /D UNICODE /D WIN32 /D WIN64 /D QT_NO_DEBUG /D NDEBUG /D QT_CORE_LIB /D QT_GUI_LIB /D QT_WIDGETS_LIB /Gm- /EHsc /MD /GS /fp:precise /Zc:wchar_t /Zc:forScope /Fo"Release\\" /Fd"Release\vc120.pdb" /Gd /TP /analyze- /errorReport:prompt impedancecheck_test.cpp
         impedancecheck_test.cpp
         Neither _UNICODE nor _MBCS has been defined. Default to _UNICODE.
       Link:
         C:\Program Files (x86)\Microsoft Visual Studio 12.0\VC\bin\link.exe /ERRORREPORT:PROMPT /OUT:"C:\Users\flori\OneDrive\TUG\Bakkarbeit\SurfaceTest\LSLAPP_newSDK\LSLAPP\ImpedanceCheck_test\Win32\Release\\ImpedanceCheck_test.exe" /NOLOGO /LIBPATH:C:\Qt\Qt5.8.0\5.8\msvc2013\lib qtmain.lib Qt5Core.lib Qt5Gui.lib Qt5Widgets.lib "C:\Users\flori\OneDrive\TUG\Bakkarbeit\SurfaceTest\LSLAPP_newSDK\LSLAPP\ImpedanceCheck_test\ImpedanceCheck_test\eego-SDK.lib" kernel32.lib user32.lib gdi32.lib winspool.lib comdlg32.lib advapi32.lib shell32.lib ole32.lib oleaut32.lib uuid.lib odbc32.lib odbccp32.lib /MANIFEST /MANIFESTUAC:"level='asInvoker' uiAccess='false'" /manifest:embed /PDB:"C:\Users\flori\OneDrive\TUG\Bakkarbeit\SurfaceTest\LSLAPP_newSDK\LSLAPP\ImpedanceCheck_test\Win32\Release\ImpedanceCheck_test.pdb" /SUBSYSTEM:WINDOWS /TLBID:1 /DYNAMICBASE /NXCOMPAT /IMPLIB:"C:\Users\flori\OneDrive\TUG\Bakkarbeit\SurfaceTest\LSLAPP_newSDK\LSLAPP\ImpedanceCheck_test\Win32\Release\ImpedanceCheck_test.lib" /MACHINE:X86 /SAFESEH Release\qrc_impedancecheck_test.obj
         Release\moc_impedancecheck_test.obj
         Release\impedancecheck_test.obj
         Release\main.obj
     1>LINK : fatal error LNK1104: cannot open file 'C:\Users\flori\OneDrive\TUG\Bakkarbeit\SurfaceTest\LSLAPP_newSDK\LSLAPP\ImpedanceCheck_test\Win32\Release\\ImpedanceCheck_test.exe'
     1>Done Building Project "C:\Users\flori\OneDrive\TUG\Bakkarbeit\SurfaceTest\LSLAPP_newSDK\LSLAPP\ImpedanceCheck_test\ImpedanceCheck_test\ImpedanceCheck_test.vcxproj" (Build target(s)) -- FAILED.

Build FAILED.

Time Elapsed 00:00:05.74
